<?xml version="1.0" encoding="UTF-8"?>
<testng-results ignored="0" total="0" passed="0" failed="0" skipped="0">
  <reporter-output>
  </reporter-output>
  <suite started-at="2021-12-16T02:38:31Z" name="org.SAF.WebServices.AppTest" finished-at="2021-12-16T02:38:31Z" duration-ms="8">
    <groups>
    </groups>
    <test started-at="2021-12-16T02:38:31Z" name="Command line test" finished-at="2021-12-16T02:38:31Z" duration-ms="8">
    </test> <!-- Command line test -->
  </suite> <!-- org.SAF.WebServices.AppTest -->
</testng-results>
